# JRE version: Java(TM) SE Runtime Environment (14.0.1+7) (build 14.0.1+7)
# Java VM: Java HotSpot(TM) 64-Bit Server VM (14.0.1+7, mixed mode, sharing, tiered, compressed oops, parallel gc, windows-amd64)
Heap:
 PSYoungGen      total 2048K, used 2048K [0x00000000eab00000, 0x00000000eb080000, 0x0000000100000000)
  eden space 1024K, 100% used [0x00000000eab00000,0x00000000eac00000,0x00000000eac00000)
  from space 1024K, 100% used [0x00000000eac00000,0x00000000ead00000,0x00000000ead00000)
  to   space 2048K, 60% used [0x00000000eae80000,0x00000000eafb8000,0x00000000eb080000)
 ParOldGen       total 151552K, used 129380K [0x00000000c0000000, 0x00000000c9400000, 0x00000000eab00000)
  object space 151552K, 85% used [0x00000000c0000000,0x00000000c7e59358,0x00000000c9400000)
 Metaspace       used 65606K, capacity 68528K, committed 68696K, reserved 1110016K
  class space    used 6723K, capacity 7771K, committed 7808K, reserved 1048576K
GC Heap History (20 events):
Event: 103.851 GC heap after
{Heap after GC invocations=268 (full 7):
 PSYoungGen      total 3584K, used 1536K [0x00000000eab00000, 0x00000000eb080000, 0x0000000100000000)
  eden space 1536K, 0% used [0x00000000eab00000,0x00000000eab00000,0x00000000eac80000)
  from space 2048K, 75% used [0x00000000eae80000,0x00000000eb000000,0x00000000eb080000)
  to   space 2048K, 0% used [0x00000000eac80000,0x00000000eac80000,0x00000000eae80000)
 ParOldGen       total 151552K, used 121183K [0x00000000c0000000, 0x00000000c9400000, 0x00000000eab00000)
  object space 151552K, 79% used [0x00000000c0000000,0x00000000c7657ca0,0x00000000c9400000)
 Metaspace       used 65585K, capacity 68464K, committed 68696K, reserved 1110016K
  class space    used 6720K, capacity 7771K, committed 7808K, reserved 1048576K
}
Event: 103.863 GC heap before
{Heap before GC invocations=269 (full 7):
 PSYoungGen      total 3584K, used 3072K [0x00000000eab00000, 0x00000000eb080000, 0x0000000100000000)
  eden space 1536K, 100% used [0x00000000eab00000,0x00000000eac80000,0x00000000eac80000)
  from space 2048K, 75% used [0x00000000eae80000,0x00000000eb000000,0x00000000eb080000)
  to   space 2048K, 0% used [0x00000000eac80000,0x00000000eac80000,0x00000000eae80000)
 ParOldGen       total 151552K, used 121183K [0x00000000c0000000, 0x00000000c9400000, 0x00000000eab00000)
  object space 151552K, 79% used [0x00000000c0000000,0x00000000c7657ca0,0x00000000c9400000)
 Metaspace       used 65585K, capacity 68464K, committed 68696K, reserved 1110016K
  class space    used 6720K, capacity 7771K, committed 7808K, reserved 1048576K
}
Event: 103.864 GC heap after
{Heap after GC invocations=269 (full 7):
 PSYoungGen      total 3072K, used 1523K [0x00000000eab00000, 0x00000000eaf80000, 0x0000000100000000)
  eden space 1536K, 0% used [0x00000000eab00000,0x00000000eab00000,0x00000000eac80000)
  from space 1536K, 99% used [0x00000000eac80000,0x00000000eadfcc50,0x00000000eae00000)
  to   space 1536K, 0% used [0x00000000eae00000,0x00000000eae00000,0x00000000eaf80000)
 ParOldGen       total 151552K, used 122607K [0x00000000c0000000, 0x00000000c9400000, 0x00000000eab00000)
  object space 151552K, 80% used [0x00000000c0000000,0x00000000c77bbee0,0x00000000c9400000)
 Metaspace       used 65585K, capacity 68464K, committed 68696K, reserved 1110016K
  class space    used 6720K, capacity 7771K, committed 7808K, reserved 1048576K
}
Event: 103.875 GC heap before
{Heap before GC invocations=270 (full 7):
 PSYoungGen      total 3072K, used 3059K [0x00000000eab00000, 0x00000000eaf80000, 0x0000000100000000)
  eden space 1536K, 100% used [0x00000000eab00000,0x00000000eac80000,0x00000000eac80000)
  from space 1536K, 99% used [0x00000000eac80000,0x00000000eadfcc50,0x00000000eae00000)
  to   space 1536K, 0% used [0x00000000eae00000,0x00000000eae00000,0x00000000eaf80000)
 ParOldGen       total 151552K, used 122607K [0x00000000c0000000, 0x00000000c9400000, 0x00000000eab00000)
  object space 151552K, 80% used [0x00000000c0000000,0x00000000c77bbee0,0x00000000c9400000)
 Metaspace       used 65587K, capacity 68464K, committed 68696K, reserved 1110016K
  class space    used 6720K, capacity 7771K, committed 7808K, reserved 1048576K
}
Event: 103.876 GC heap after
{Heap after GC invocations=270 (full 7):
 PSYoungGen      total 2048K, used 1536K [0x00000000eab00000, 0x00000000eb380000, 0x0000000100000000)
  eden space 512K, 0% used [0x00000000eab00000,0x00000000eab00000,0x00000000eab80000)
  from space 1536K, 100% used [0x00000000eae00000,0x00000000eaf80000,0x00000000eaf80000)
  to   space 2560K, 0% used [0x00000000eab80000,0x00000000eab80000,0x00000000eae00000)
 ParOldGen       total 151552K, used 124005K [0x00000000c0000000, 0x00000000c9400000, 0x00000000eab00000)
  object space 151552K, 81% used [0x00000000c0000000,0x00000000c7919780,0x00000000c9400000)
 Metaspace       used 65587K, capacity 68464K, committed 68696K, reserved 1110016K
  class space    used 6720K, capacity 7771K, committed 7808K, reserved 1048576K
}
Event: 103.879 GC heap before
{Heap before GC invocations=271 (full 7):
 PSYoungGen      total 2048K, used 2037K [0x00000000eab00000, 0x00000000eb380000, 0x0000000100000000)
  eden space 512K, 97% used [0x00000000eab00000,0x00000000eab7d690,0x00000000eab80000)
  from space 1536K, 100% used [0x00000000eae00000,0x00000000eaf80000,0x00000000eaf80000)
  to   space 2560K, 0% used [0x00000000eab80000,0x00000000eab80000,0x00000000eae00000)
 ParOldGen       total 151552K, used 124005K [0x00000000c0000000, 0x00000000c9400000, 0x00000000eab00000)
  object space 151552K, 81% used [0x00000000c0000000,0x00000000c7919780,0x00000000c9400000)
 Metaspace       used 65587K, capacity 68464K, committed 68696K, reserved 1110016K
  class space    used 6720K, capacity 7771K, committed 7808K, reserved 1048576K
}
Event: 103.880 GC heap after
{Heap after GC invocations=271 (full 7):
 PSYoungGen      total 1536K, used 608K [0x00000000eab00000, 0x00000000eae80000, 0x0000000100000000)
  eden space 512K, 0% used [0x00000000eab00000,0x00000000eab00000,0x00000000eab80000)
  from space 1024K, 59% used [0x00000000eab80000,0x00000000eac18000,0x00000000eac80000)
  to   space 1536K, 0% used [0x00000000ead00000,0x00000000ead00000,0x00000000eae80000)
 ParOldGen       total 151552K, used 125443K [0x00000000c0000000, 0x00000000c9400000, 0x00000000eab00000)
  object space 151552K, 82% used [0x00000000c0000000,0x00000000c7a80ec8,0x00000000c9400000)
 Metaspace       used 65587K, capacity 68464K, committed 68696K, reserved 1110016K
  class space    used 6720K, capacity 7771K, committed 7808K, reserved 1048576K
}
Event: 103.883 GC heap before
{Heap before GC invocations=272 (full 7):
 PSYoungGen      total 1536K, used 1120K [0x00000000eab00000, 0x00000000eae80000, 0x0000000100000000)
  eden space 512K, 100% used [0x00000000eab00000,0x00000000eab80000,0x00000000eab80000)
  from space 1024K, 59% used [0x00000000eab80000,0x00000000eac18000,0x00000000eac80000)
  to   space 1536K, 0% used [0x00000000ead00000,0x00000000ead00000,0x00000000eae80000)
 ParOldGen       total 151552K, used 125443K [0x00000000c0000000, 0x00000000c9400000, 0x00000000eab00000)
  object space 151552K, 82% used [0x00000000c0000000,0x00000000c7a80ec8,0x00000000c9400000)
 Metaspace       used 65606K, capacity 68528K, committed 68696K, reserved 1110016K
  class space    used 6723K, capacity 7771K, committed 7808K, reserved 1048576K
}
Event: 103.883 GC heap after
{Heap after GC invocations=272 (full 7):
 PSYoungGen      total 1024K, used 480K [0x00000000eab00000, 0x00000000ead80000, 0x0000000100000000)
  eden space 512K, 0% used [0x00000000eab00000,0x00000000eab00000,0x00000000eab80000)
  from space 512K, 93% used [0x00000000ead00000,0x00000000ead78000,0x00000000ead80000)
  to   space 1024K, 0% used [0x00000000eab80000,0x00000000eab80000,0x00000000eac80000)
 ParOldGen       total 151552K, used 125944K [0x00000000c0000000, 0x00000000c9400000, 0x00000000eab00000)
  object space 151552K, 83% used [0x00000000c0000000,0x00000000c7afe378,0x00000000c9400000)
 Metaspace       used 65606K, capacity 68528K, committed 68696K, reserved 1110016K
  class space    used 6723K, capacity 7771K, committed 7808K, reserved 1048576K
}
Event: 103.884 GC heap before
{Heap before GC invocations=273 (full 7):
 PSYoungGen      total 1024K, used 992K [0x00000000eab00000, 0x00000000ead80000, 0x0000000100000000)
  eden space 512K, 100% used [0x00000000eab00000,0x00000000eab80000,0x00000000eab80000)
  from space 512K, 93% used [0x00000000ead00000,0x00000000ead78000,0x00000000ead80000)
  to   space 1024K, 0% used [0x00000000eab80000,0x00000000eab80000,0x00000000eac80000)
 ParOldGen       total 151552K, used 125944K [0x00000000c0000000, 0x00000000c9400000, 0x00000000eab00000)
  object space 151552K, 83% used [0x00000000c0000000,0x00000000c7afe378,0x00000000c9400000)
 Metaspace       used 65606K, capacity 68528K, committed 68696K, reserved 1110016K
  class space    used 6723K, capacity 7771K, committed 7808K, reserved 1048576K
}
Event: 103.885 GC heap after
{Heap after GC invocations=273 (full 7):
 PSYoungGen      total 1536K, used 750K [0x00000000eab00000, 0x00000000ead80000, 0x0000000100000000)
  eden space 512K, 0% used [0x00000000eab00000,0x00000000eab00000,0x00000000eab80000)
  from space 1024K, 73% used [0x00000000eab80000,0x00000000eac3bb30,0x00000000eac80000)
  to   space 1024K, 0% used [0x00000000eac80000,0x00000000eac80000,0x00000000ead80000)
 ParOldGen       total 151552K, used 126294K [0x00000000c0000000, 0x00000000c9400000, 0x00000000eab00000)
  object space 151552K, 83% used [0x00000000c0000000,0x00000000c7b55828,0x00000000c9400000)
 Metaspace       used 65606K, capacity 68528K, committed 68696K, reserved 1110016K
  class space    used 6723K, capacity 7771K, committed 7808K, reserved 1048576K
}
Event: 103.886 GC heap before
{Heap before GC invocations=274 (full 7):
 PSYoungGen      total 1536K, used 1262K [0x00000000eab00000, 0x00000000ead80000, 0x0000000100000000)
  eden space 512K, 100% used [0x00000000eab00000,0x00000000eab80000,0x00000000eab80000)
  from space 1024K, 73% used [0x00000000eab80000,0x00000000eac3bb30,0x00000000eac80000)
  to   space 1024K, 0% used [0x00000000eac80000,0x00000000eac80000,0x00000000ead80000)
 ParOldGen       total 151552K, used 126294K [0x00000000c0000000, 0x00000000c9400000, 0x00000000eab00000)
  object space 151552K, 83% used [0x00000000c0000000,0x00000000c7b55828,0x00000000c9400000)
 Metaspace       used 65606K, capacity 68528K, committed 68696K, reserved 1110016K
  class space    used 6723K, capacity 7771K, committed 7808K, reserved 1048576K
}
Event: 103.887 GC heap after
{Heap after GC invocations=274 (full 7):
 PSYoungGen      total 1536K, used 704K [0x00000000eab00000, 0x00000000eae00000, 0x0000000100000000)
  eden space 512K, 0% used [0x00000000eab00000,0x00000000eab00000,0x00000000eab80000)
  from space 1024K, 68% used [0x00000000eac80000,0x00000000ead30000,0x00000000ead80000)
  to   space 1024K, 0% used [0x00000000eab80000,0x00000000eab80000,0x00000000eac80000)
 ParOldGen       total 151552K, used 126756K [0x00000000c0000000, 0x00000000c9400000, 0x00000000eab00000)
  object space 151552K, 83% used [0x00000000c0000000,0x00000000c7bc9358,0x00000000c9400000)
 Metaspace       used 65606K, capacity 68528K, committed 68696K, reserved 1110016K
  class space    used 6723K, capacity 7771K, committed 7808K, reserved 1048576K
}
Event: 103.888 GC heap before
{Heap before GC invocations=275 (full 7):
 PSYoungGen      total 1536K, used 1216K [0x00000000eab00000, 0x00000000eae00000, 0x0000000100000000)
  eden space 512K, 100% used [0x00000000eab00000,0x00000000eab80000,0x00000000eab80000)
  from space 1024K, 68% used [0x00000000eac80000,0x00000000ead30000,0x00000000ead80000)
  to   space 1024K, 0% used [0x00000000eab80000,0x00000000eab80000,0x00000000eac80000)
 ParOldGen       total 151552K, used 126756K [0x00000000c0000000, 0x00000000c9400000, 0x00000000eab00000)
  object space 151552K, 83% used [0x00000000c0000000,0x00000000c7bc9358,0x00000000c9400000)
 Metaspace       used 65606K, capacity 68528K, committed 68696K, reserved 1110016K
  class space    used 6723K, capacity 7771K, committed 7808K, reserved 1048576K
}
Event: 103.889 GC heap after
{Heap after GC invocations=275 (full 7):
 PSYoungGen      total 1536K, used 640K [0x00000000eab00000, 0x00000000eae00000, 0x0000000100000000)
  eden space 512K, 0% used [0x00000000eab00000,0x00000000eab00000,0x00000000eab80000)
  from space 1024K, 62% used [0x00000000eab80000,0x00000000eac20000,0x00000000eac80000)
  to   space 1024K, 0% used [0x00000000ead00000,0x00000000ead00000,0x00000000eae00000)
 ParOldGen       total 151552K, used 127284K [0x00000000c0000000, 0x00000000c9400000, 0x00000000eab00000)
  object space 151552K, 83% used [0x00000000c0000000,0x00000000c7c4d358,0x00000000c9400000)
 Metaspace       used 65606K, capacity 68528K, committed 68696K, reserved 1110016K
  class space    used 6723K, capacity 7771K, committed 7808K, reserved 1048576K
}
Event: 103.891 GC heap before
{Heap before GC invocations=276 (full 7):
 PSYoungGen      total 1536K, used 1151K [0x00000000eab00000, 0x00000000eae00000, 0x0000000100000000)
  eden space 512K, 99% used [0x00000000eab00000,0x00000000eab7ffb8,0x00000000eab80000)
  from space 1024K, 62% used [0x00000000eab80000,0x00000000eac20000,0x00000000eac80000)
  to   space 1024K, 0% used [0x00000000ead00000,0x00000000ead00000,0x00000000eae00000)
 ParOldGen       total 151552K, used 127284K [0x00000000c0000000, 0x00000000c9400000, 0x00000000eab00000)
  object space 151552K, 83% used [0x00000000c0000000,0x00000000c7c4d358,0x00000000c9400000)
 Metaspace       used 65606K, capacity 68528K, committed 68696K, reserved 1110016K
  class space    used 6723K, capacity 7771K, committed 7808K, reserved 1048576K
}
Event: 103.892 GC heap after
{Heap after GC invocations=276 (full 7):
 PSYoungGen      total 2048K, used 640K [0x00000000eab00000, 0x00000000eae00000, 0x0000000100000000)
  eden space 1024K, 0% used [0x00000000eab00000,0x00000000eab00000,0x00000000eac00000)
  from space 1024K, 62% used [0x00000000ead00000,0x00000000eada0000,0x00000000eae00000)
  to   space 1024K, 0% used [0x00000000eac00000,0x00000000eac00000,0x00000000ead00000)
 ParOldGen       total 151552K, used 127804K [0x00000000c0000000, 0x00000000c9400000, 0x00000000eab00000)
  object space 151552K, 84% used [0x00000000c0000000,0x00000000c7ccf358,0x00000000c9400000)
 Metaspace       used 65606K, capacity 68528K, committed 68696K, reserved 1110016K
  class space    used 6723K, capacity 7771K, committed 7808K, reserved 1048576K
}
Event: 103.895 GC heap before
{Heap before GC invocations=277 (full 7):
 PSYoungGen      total 2048K, used 1664K [0x00000000eab00000, 0x00000000eae00000, 0x0000000100000000)
  eden space 1024K, 100% used [0x00000000eab00000,0x00000000eac00000,0x00000000eac00000)
  from space 1024K, 62% used [0x00000000ead00000,0x00000000eada0000,0x00000000eae00000)
  to   space 1024K, 0% used [0x00000000eac00000,0x00000000eac00000,0x00000000ead00000)
 ParOldGen       total 151552K, used 127804K [0x00000000c0000000, 0x00000000c9400000, 0x00000000eab00000)
  object space 151552K, 84% used [0x00000000c0000000,0x00000000c7ccf358,0x00000000c9400000)
 Metaspace       used 65606K, capacity 68528K, committed 68696K, reserved 1110016K
  class space    used 6723K, capacity 7771K, committed 7808K, reserved 1048576K
}
Event: 103.896 GC heap after
{Heap after GC invocations=277 (full 7):
 PSYoungGen      total 2048K, used 1024K [0x00000000eab00000, 0x00000000eb080000, 0x0000000100000000)
  eden space 1024K, 0% used [0x00000000eab00000,0x00000000eab00000,0x00000000eac00000)
  from space 1024K, 100% used [0x00000000eac00000,0x00000000ead00000,0x00000000ead00000)
  to   space 2048K, 0% used [0x00000000eae80000,0x00000000eae80000,0x00000000eb080000)
 ParOldGen       total 151552K, used 128404K [0x00000000c0000000, 0x00000000c9400000, 0x00000000eab00000)
  object space 151552K, 84% used [0x00000000c0000000,0x00000000c7d65358,0x00000000c9400000)
 Metaspace       used 65606K, capacity 68528K, committed 68696K, reserved 1110016K
  class space    used 6723K, capacity 7771K, committed 7808K, reserved 1048576K
}
Event: 103.899 GC heap before
{Heap before GC invocations=278 (full 7):
 PSYoungGen      total 2048K, used 2048K [0x00000000eab00000, 0x00000000eb080000, 0x0000000100000000)
  eden space 1024K, 100% used [0x00000000eab00000,0x00000000eac00000,0x00000000eac00000)
  from space 1024K, 100% used [0x00000000eac00000,0x00000000ead00000,0x00000000ead00000)
  to   space 2048K, 0% used [0x00000000eae80000,0x00000000eae80000,0x00000000eb080000)
 ParOldGen       total 151552K, used 128404K [0x00000000c0000000, 0x00000000c9400000, 0x00000000eab00000)
  object space 151552K, 84% used [0x00000000c0000000,0x00000000c7d65358,0x00000000c9400000)
 Metaspace       used 65606K, capacity 68528K, committed 68696K, reserved 1110016K
  class space    used 6723K, capacity 7771K, committed 7808K, reserved 1048576K
}

